<?xml version="1.0" encoding="UTF-8"?>
<testng-results ignored="3" total="11" passed="8" failed="0" skipped="0">
  <reporter-output>
  </reporter-output>
  <suite started-at="2023-03-27T21:49:33 IST" name="Loan Department" finished-at="2023-03-27T21:49:33 IST" duration-ms="202">
    <groups>
      <group name="smoke">
        <method signature="CarLoan.webloginCarloan(java.lang.String,java.lang.String)[pri:0, instance:org.testpackage.CarLoan@5939a379]" name="webloginCarloan" class="org.testpackage.CarLoan"/>
        <method signature="TestNG1.test1()[pri:0, instance:org.testpackage.TestNG1@3232a28a]" name="test1" class="org.testpackage.TestNG1"/>
      </group> <!-- smoke -->
    </groups>
    <test started-at="2023-03-27T21:49:33 IST" name="Carloan" finished-at="2023-03-27T21:49:33 IST" duration-ms="71">
      <class name="org.testpackage.CarLoan">
        <test-method signature="apiloginCarloan()[pri:0, instance:org.testpackage.CarLoan@5939a379]" started-at="2023-03-27T21:49:33 IST" name="apiloginCarloan" finished-at="2023-03-27T21:49:33 IST" duration-ms="9" status="PASS">
          <reporter-output>
          </reporter-output>
        </test-method> <!-- apiloginCarloan -->
        <test-method signature="webloginCarloan(java.lang.String,java.lang.String)[pri:0, instance:org.testpackage.CarLoan@5939a379]" started-at="2023-03-27T21:49:33 IST" name="webloginCarloan" finished-at="2023-03-27T21:49:33 IST" duration-ms="2" status="PASS">
          <params>
            <param index="0">
              <value>
                <![CDATA[www.google.com]]>
              </value>
            </param>
            <param index="1">
              <value>
                <![CDATA[111111]]>
              </value>
            </param>
          </params>
          <reporter-output>
          </reporter-output>
        </test-method> <!-- webloginCarloan -->
      </class> <!-- org.testpackage.CarLoan -->
    </test> <!-- Carloan -->
    <test started-at="2023-03-27T21:49:33 IST" name="HomeLoan" finished-at="2023-03-27T21:49:33 IST" duration-ms="6">
      <class name="org.testpackage.Homeloan">
        <test-method is-config="true" signature="apiloginHomeloan1()[pri:0, instance:org.testpackage.Homeloan@6d4e5011]" started-at="2023-03-27T21:49:33 IST" name="apiloginHomeloan1" finished-at="2023-03-27T21:49:33 IST" duration-ms="2" status="PASS">
          <reporter-output>
          </reporter-output>
        </test-method> <!-- apiloginHomeloan1 -->
        <test-method signature="apiloginHomeloan()[pri:0, instance:org.testpackage.Homeloan@6d4e5011]" started-at="2023-03-27T21:49:33 IST" name="apiloginHomeloan" finished-at="2023-03-27T21:49:33 IST" duration-ms="1" status="PASS">
          <reporter-output>
          </reporter-output>
        </test-method> <!-- apiloginHomeloan -->
      </class> <!-- org.testpackage.Homeloan -->
    </test> <!-- HomeLoan -->
    <test started-at="2023-03-27T21:49:33 IST" name="Personal Loan" finished-at="2023-03-27T21:49:33 IST" duration-ms="21">
      <class name="org.testpackage.TestNG1">
        <test-method signature="test2()[pri:-1, instance:org.testpackage.TestNG1@3232a28a]" started-at="2023-03-27T21:49:33 IST" name="test2" finished-at="2023-03-27T21:49:33 IST" duration-ms="2" status="PASS">
          <reporter-output>
          </reporter-output>
        </test-method> <!-- test2 -->
        <test-method signature="test1()[pri:0, instance:org.testpackage.TestNG1@3232a28a]" started-at="2023-03-27T21:49:33 IST" name="test1" finished-at="2023-03-27T21:49:33 IST" duration-ms="2" status="PASS">
          <reporter-output>
          </reporter-output>
        </test-method> <!-- test1 -->
        <test-method signature="test3()[pri:0, instance:org.testpackage.TestNG1@3232a28a]" started-at="2023-03-27T21:49:33 IST" name="test3" finished-at="2023-03-27T21:49:33 IST" duration-ms="1" status="PASS">
          <reporter-output>
          </reporter-output>
        </test-method> <!-- test3 -->
        <test-method signature="test(java.lang.String)[pri:0, instance:org.testpackage.TestNG1@3232a28a]" started-at="2023-03-27T21:49:33 IST" name="test" finished-at="2023-03-27T21:49:33 IST" depends-on-methods="org.testpackage.TestNG1.test3" duration-ms="0" status="PASS">
          <params>
            <param index="0">
              <value>
                <![CDATA[Personalloan.com]]>
              </value>
            </param>
          </params>
          <reporter-output>
          </reporter-output>
        </test-method> <!-- test -->
      </class> <!-- org.testpackage.TestNG1 -->
      <class name="org.testpackage.TestNG2">
        <test-method signature="test()[pri:0, instance:org.testpackage.TestNG2@73e22a3d]" started-at="2023-03-27T21:49:33 IST" name="test" finished-at="2023-03-27T21:49:33 IST" duration-ms="2" status="PASS">
          <reporter-output>
          </reporter-output>
        </test-method> <!-- test -->
      </class> <!-- org.testpackage.TestNG2 -->
    </test> <!-- Personal Loan -->
  </suite> <!-- Loan Department -->
</testng-results>
