<?xml version="1.0" encoding="UTF-8"?>
<testng-results ignored="2" total="21" passed="17" failed="2" skipped="0">
  <reporter-output>
  </reporter-output>
  <suite started-at="2023-09-11T23:47:33 IST" name="Surefire suite" finished-at="2023-09-11T23:49:01 IST" duration-ms="87395">
    <groups>
    </groups>
    <test started-at="2023-09-11T23:47:33 IST" name="Surefire test" finished-at="2023-09-11T23:49:01 IST" duration-ms="87395">
      <class name="org.rahulsheety.LoginDemoTest">
        <test-method signature="OpenBrowser()[pri:0, instance:org.rahulsheety.LoginDemoTest@37fdfb05]" started-at="2023-09-11T23:48:48 IST" name="OpenBrowser" finished-at="2023-09-11T23:48:53 IST" duration-ms="4999" status="FAIL">
          <exception class="org.openqa.selenium.UnhandledAlertException">
            <message>
              <![CDATA[unexpected alert open: {Alert text : Please enter some search keyword}
  (Session info: chrome=114.0.5735.199): Please enter some search keyword
Build info: version: '4.9.1', revision: 'eb2032df7f'
System info: os.name: 'Windows 11', os.arch: 'amd64', os.version: '10.0', java.version: '20.0.1'
Driver info: org.openqa.selenium.chrome.ChromeDriver
Command: [d923662adf28b60a5f43ab69e3952912, findElement {using=xpath, value=//*[@xpath='1']}]
Capabilities {acceptInsecureCerts: false, browserName: chrome, browserVersion: 114.0.5735.199, chrome: {chromedriverVersion: 114.0.5735.90 (386bc09e8f4f..., userDataDir: C:\Users\Bharath\AppData\Lo...}, goog:chromeOptions: {debuggerAddress: localhost:3129}, networkConnectionEnabled: false, pageLoadStrategy: normal, platformName: windows, proxy: Proxy(), se:cdp: ws://localhost:3129/devtool..., se:cdpVersion: 114.0.5735.199, setWindowRect: true, strictFileInteractability: false, timeouts: {implicit: 0, pageLoad: 300000, script: 30000}, unhandledPromptBehavior: dismiss and notify, webauthn:extension:credBlob: true, webauthn:extension:largeBlob: true, webauthn:extension:minPinLength: true, webauthn:extension:prf: true, webauthn:virtualAuthenticators: true}
Session ID: d923662adf28b60a5f43ab69e3952912]]>
            </message>
            <full-stacktrace>
              <![CDATA[org.openqa.selenium.UnhandledAlertException: unexpected alert open: {Alert text : Please enter some search keyword}
  (Session info: chrome=114.0.5735.199): Please enter some search keyword
Build info: version: '4.9.1', revision: 'eb2032df7f'
System info: os.name: 'Windows 11', os.arch: 'amd64', os.version: '10.0', java.version: '20.0.1'
Driver info: org.openqa.selenium.chrome.ChromeDriver
Command: [d923662adf28b60a5f43ab69e3952912, findElement {using=xpath, value=//*[@xpath='1']}]
Capabilities {acceptInsecureCerts: false, browserName: chrome, browserVersion: 114.0.5735.199, chrome: {chromedriverVersion: 114.0.5735.90 (386bc09e8f4f..., userDataDir: C:\Users\Bharath\AppData\Lo...}, goog:chromeOptions: {debuggerAddress: localhost:3129}, networkConnectionEnabled: false, pageLoadStrategy: normal, platformName: windows, proxy: Proxy(), se:cdp: ws://localhost:3129/devtool..., se:cdpVersion: 114.0.5735.199, setWindowRect: true, strictFileInteractability: false, timeouts: {implicit: 0, pageLoad: 300000, script: 30000}, unhandledPromptBehavior: dismiss and notify, webauthn:extension:credBlob: true, webauthn:extension:largeBlob: true, webauthn:extension:minPinLength: true, webauthn:extension:prf: true, webauthn:virtualAuthenticators: true}
Session ID: d923662adf28b60a5f43ab69e3952912
at org.openqa.selenium.remote.codec.w3c.W3CHttpResponseCodec.decode(W3CHttpResponseCodec.java:131)
at org.openqa.selenium.remote.codec.w3c.W3CHttpResponseCodec.decode(W3CHttpResponseCodec.java:53)
at org.openqa.selenium.remote.HttpCommandExecutor.execute(HttpCommandExecutor.java:193)
at org.openqa.selenium.remote.service.DriverCommandExecutor.invokeExecute(DriverCommandExecutor.java:183)
at org.openqa.selenium.remote.service.DriverCommandExecutor.execute(DriverCommandExecutor.java:158)
at org.openqa.selenium.remote.RemoteWebDriver.execute(RemoteWebDriver.java:543)
at org.openqa.selenium.remote.ElementLocation$ElementFinder$2.findElement(ElementLocation.java:162)
at org.openqa.selenium.remote.ElementLocation.findElement(ElementLocation.java:60)
at org.openqa.selenium.remote.RemoteWebDriver.findElement(RemoteWebDriver.java:352)
at org.openqa.selenium.remote.RemoteWebDriver.findElement(RemoteWebDriver.java:344)
at org.rahulsheety.LoginDemoTest.OpenBrowser(LoginDemoTest.java:61)
at java.base/jdk.internal.reflect.DirectMethodHandleAccessor.invoke(DirectMethodHandleAccessor.java:104)
at java.base/java.lang.reflect.Method.invoke(Method.java:578)
at org.testng.internal.invokers.MethodInvocationHelper.invokeMethod(MethodInvocationHelper.java:139)
at org.testng.internal.invokers.TestInvoker.invokeMethod(TestInvoker.java:677)
at org.testng.internal.invokers.TestInvoker.invokeTestMethod(TestInvoker.java:221)
at org.testng.internal.invokers.MethodRunner.runInSequence(MethodRunner.java:50)
at org.testng.internal.invokers.TestInvoker$MethodInvocationAgent.invoke(TestInvoker.java:969)
at org.testng.internal.invokers.TestInvoker.invokeTestMethods(TestInvoker.java:194)
at org.testng.internal.invokers.TestMethodWorker.invokeTestMethods(TestMethodWorker.java:148)
at org.testng.internal.invokers.TestMethodWorker.run(TestMethodWorker.java:128)
at java.base/java.util.ArrayList.forEach(ArrayList.java:1511)
at org.testng.TestRunner.privateRun(TestRunner.java:829)
at org.testng.TestRunner.run(TestRunner.java:602)
at org.testng.SuiteRunner.runTest(SuiteRunner.java:437)
at org.testng.SuiteRunner.runSequentially(SuiteRunner.java:431)
at org.testng.SuiteRunner.privateRun(SuiteRunner.java:391)
at org.testng.SuiteRunner.run(SuiteRunner.java:330)
at org.testng.SuiteRunnerWorker.runSuite(SuiteRunnerWorker.java:52)
at org.testng.SuiteRunnerWorker.run(SuiteRunnerWorker.java:95)
at org.testng.TestNG.runSuitesSequentially(TestNG.java:1256)
at org.testng.TestNG.runSuitesLocally(TestNG.java:1176)
at org.testng.TestNG.runSuites(TestNG.java:1099)
at org.testng.TestNG.run(TestNG.java:1067)
at org.apache.maven.surefire.testng.TestNGExecutor.run(TestNGExecutor.java:155)
at org.apache.maven.surefire.testng.TestNGDirectoryTestSuite.executeMulti(TestNGDirectoryTestSuite.java:169)
at org.apache.maven.surefire.testng.TestNGDirectoryTestSuite.execute(TestNGDirectoryTestSuite.java:88)
at org.apache.maven.surefire.testng.TestNGProvider.invoke(TestNGProvider.java:137)
at org.apache.maven.surefire.booter.ForkedBooter.runSuitesInProcess(ForkedBooter.java:385)
at org.apache.maven.surefire.booter.ForkedBooter.execute(ForkedBooter.java:162)
at org.apache.maven.surefire.booter.ForkedBooter.run(ForkedBooter.java:507)
at org.apache.maven.surefire.booter.ForkedBooter.main(ForkedBooter.java:495)
]]>
            </full-stacktrace>
          </exception> <!-- org.openqa.selenium.UnhandledAlertException -->
          <reporter-output>
          </reporter-output>
        </test-method> <!-- OpenBrowser -->
        <test-method is-config="true" signature="tearDown()[pri:0, instance:org.rahulsheety.LoginDemoTest@37fdfb05]" started-at="2023-09-11T23:49:00 IST" name="tearDown" finished-at="2023-09-11T23:49:01 IST" duration-ms="212" status="PASS">
          <reporter-output>
          </reporter-output>
        </test-method> <!-- tearDown -->
      </class> <!-- org.rahulsheety.LoginDemoTest -->
      <class name="qaclickacademy.AppiumTest">
        <test-method signature="IOS()[pri:0, instance:qaclickacademy.AppiumTest@3ed0918d]" started-at="2023-09-11T23:48:59 IST" name="IOS" finished-at="2023-09-11T23:48:59 IST" duration-ms="0" status="PASS">
          <reporter-output>
          </reporter-output>
        </test-method> <!-- IOS -->
        <test-method signature="Android()[pri:0, instance:qaclickacademy.AppiumTest@3ed0918d]" started-at="2023-09-11T23:48:59 IST" name="Android" finished-at="2023-09-11T23:48:59 IST" duration-ms="0" status="PASS">
          <reporter-output>
          </reporter-output>
        </test-method> <!-- Android -->
      </class> <!-- qaclickacademy.AppiumTest -->
      <class name="org.rahulsheety.LocatorsTest">
        <test-method signature="OpenBrowser()[pri:0, instance:org.rahulsheety.LocatorsTest@4c9e38]" started-at="2023-09-11T23:48:41 IST" name="OpenBrowser" finished-at="2023-09-11T23:48:48 IST" duration-ms="7262" status="PASS">
          <reporter-output>
          </reporter-output>
        </test-method> <!-- OpenBrowser -->
      </class> <!-- org.rahulsheety.LocatorsTest -->
      <class name="org.rahulsheety.EdgeBrowserTest">
        <test-method signature="OpenBrowser()[pri:0, instance:org.rahulsheety.EdgeBrowserTest@1ee29c84]" started-at="2023-09-11T23:48:33 IST" name="OpenBrowser" finished-at="2023-09-11T23:48:35 IST" duration-ms="1323" status="PASS">
          <reporter-output>
          </reporter-output>
        </test-method> <!-- OpenBrowser -->
        <test-method is-config="true" signature="closeBrowser()[pri:0, instance:org.rahulsheety.EdgeBrowserTest@1ee29c84]" started-at="2023-09-11T23:48:59 IST" name="closeBrowser" finished-at="2023-09-11T23:48:59 IST" duration-ms="225" status="PASS">
          <reporter-output>
          </reporter-output>
        </test-method> <!-- closeBrowser -->
      </class> <!-- org.rahulsheety.EdgeBrowserTest -->
      <class name="org.rahulsheety.OpenBrowserTest">
        <test-method signature="emptycart()[pri:0, instance:org.rahulsheety.OpenBrowserTest@4074023c]" started-at="2023-09-11T23:48:53 IST" name="emptycart" finished-at="2023-09-11T23:48:59 IST" duration-ms="6028" status="FAIL">
          <exception class="org.openqa.selenium.NoSuchElementException">
            <message>
              <![CDATA[no such element: Unable to locate element: {"method":"xpath","selector":"//*[@alt='Cart']"}
  (Session info: chrome=114.0.5735.199)
For documentation on this error, please visit: https://selenium.dev/exceptions/#no_such_element
Build info: version: '4.9.1', revision: 'eb2032df7f'
System info: os.name: 'Windows 11', os.arch: 'amd64', os.version: '10.0', java.version: '20.0.1'
Driver info: org.openqa.selenium.chrome.ChromeDriver
Command: [2ce00388460d4d2b5ad1b5a6f8a89cbb, findElement {using=xpath, value=//*[@alt='Cart']}]
Capabilities {acceptInsecureCerts: false, browserName: chrome, browserVersion: 114.0.5735.199, chrome: {chromedriverVersion: 114.0.5735.90 (386bc09e8f4f..., userDataDir: C:\Users\Bharath\AppData\Lo...}, goog:chromeOptions: {debuggerAddress: localhost:3144}, networkConnectionEnabled: false, pageLoadStrategy: normal, platformName: windows, proxy: Proxy(), se:cdp: ws://localhost:3144/devtool..., se:cdpVersion: 114.0.5735.199, setWindowRect: true, strictFileInteractability: false, timeouts: {implicit: 0, pageLoad: 300000, script: 30000}, unhandledPromptBehavior: dismiss and notify, webauthn:extension:credBlob: true, webauthn:extension:largeBlob: true, webauthn:extension:minPinLength: true, webauthn:extension:prf: true, webauthn:virtualAuthenticators: true}
Session ID: 2ce00388460d4d2b5ad1b5a6f8a89cbb]]>
            </message>
            <full-stacktrace>
              <![CDATA[org.openqa.selenium.NoSuchElementException: no such element: Unable to locate element: {"method":"xpath","selector":"//*[@alt='Cart']"}
  (Session info: chrome=114.0.5735.199)
For documentation on this error, please visit: https://selenium.dev/exceptions/#no_such_element
Build info: version: '4.9.1', revision: 'eb2032df7f'
System info: os.name: 'Windows 11', os.arch: 'amd64', os.version: '10.0', java.version: '20.0.1'
Driver info: org.openqa.selenium.chrome.ChromeDriver
Command: [2ce00388460d4d2b5ad1b5a6f8a89cbb, findElement {using=xpath, value=//*[@alt='Cart']}]
Capabilities {acceptInsecureCerts: false, browserName: chrome, browserVersion: 114.0.5735.199, chrome: {chromedriverVersion: 114.0.5735.90 (386bc09e8f4f..., userDataDir: C:\Users\Bharath\AppData\Lo...}, goog:chromeOptions: {debuggerAddress: localhost:3144}, networkConnectionEnabled: false, pageLoadStrategy: normal, platformName: windows, proxy: Proxy(), se:cdp: ws://localhost:3144/devtool..., se:cdpVersion: 114.0.5735.199, setWindowRect: true, strictFileInteractability: false, timeouts: {implicit: 0, pageLoad: 300000, script: 30000}, unhandledPromptBehavior: dismiss and notify, webauthn:extension:credBlob: true, webauthn:extension:largeBlob: true, webauthn:extension:minPinLength: true, webauthn:extension:prf: true, webauthn:virtualAuthenticators: true}
Session ID: 2ce00388460d4d2b5ad1b5a6f8a89cbb
at java.base/jdk.internal.reflect.DirectConstructorHandleAccessor.newInstance(DirectConstructorHandleAccessor.java:67)
at java.base/java.lang.reflect.Constructor.newInstanceWithCaller(Constructor.java:500)
at java.base/java.lang.reflect.Constructor.newInstance(Constructor.java:484)
at org.openqa.selenium.remote.codec.w3c.W3CHttpResponseCodec.createException(W3CHttpResponseCodec.java:200)
at org.openqa.selenium.remote.codec.w3c.W3CHttpResponseCodec.decode(W3CHttpResponseCodec.java:133)
at org.openqa.selenium.remote.codec.w3c.W3CHttpResponseCodec.decode(W3CHttpResponseCodec.java:53)
at org.openqa.selenium.remote.HttpCommandExecutor.execute(HttpCommandExecutor.java:193)
at org.openqa.selenium.remote.service.DriverCommandExecutor.invokeExecute(DriverCommandExecutor.java:183)
at org.openqa.selenium.remote.service.DriverCommandExecutor.execute(DriverCommandExecutor.java:158)
at org.openqa.selenium.remote.RemoteWebDriver.execute(RemoteWebDriver.java:543)
at org.openqa.selenium.remote.ElementLocation$ElementFinder$2.findElement(ElementLocation.java:162)
at org.openqa.selenium.remote.ElementLocation.findElement(ElementLocation.java:60)
at org.openqa.selenium.remote.RemoteWebDriver.findElement(RemoteWebDriver.java:352)
at org.openqa.selenium.remote.RemoteWebDriver.findElement(RemoteWebDriver.java:344)
at org.rahulsheety.OpenBrowserTest.emptycart(OpenBrowserTest.java:35)
at java.base/jdk.internal.reflect.DirectMethodHandleAccessor.invoke(DirectMethodHandleAccessor.java:104)
at java.base/java.lang.reflect.Method.invoke(Method.java:578)
at org.testng.internal.invokers.MethodInvocationHelper.invokeMethod(MethodInvocationHelper.java:139)
at org.testng.internal.invokers.TestInvoker.invokeMethod(TestInvoker.java:677)
at org.testng.internal.invokers.TestInvoker.invokeTestMethod(TestInvoker.java:221)
at org.testng.internal.invokers.MethodRunner.runInSequence(MethodRunner.java:50)
at org.testng.internal.invokers.TestInvoker$MethodInvocationAgent.invoke(TestInvoker.java:969)
at org.testng.internal.invokers.TestInvoker.invokeTestMethods(TestInvoker.java:194)
at org.testng.internal.invokers.TestMethodWorker.invokeTestMethods(TestMethodWorker.java:148)
at org.testng.internal.invokers.TestMethodWorker.run(TestMethodWorker.java:128)
at java.base/java.util.ArrayList.forEach(ArrayList.java:1511)
at org.testng.TestRunner.privateRun(TestRunner.java:829)
at org.testng.TestRunner.run(TestRunner.java:602)
at org.testng.SuiteRunner.runTest(SuiteRunner.java:437)
at org.testng.SuiteRunner.runSequentially(SuiteRunner.java:431)
at org.testng.SuiteRunner.privateRun(SuiteRunner.java:391)
at org.testng.SuiteRunner.run(SuiteRunner.java:330)
at org.testng.SuiteRunnerWorker.runSuite(SuiteRunnerWorker.java:52)
at org.testng.SuiteRunnerWorker.run(SuiteRunnerWorker.java:95)
at org.testng.TestNG.runSuitesSequentially(TestNG.java:1256)
at org.testng.TestNG.runSuitesLocally(TestNG.java:1176)
at org.testng.TestNG.runSuites(TestNG.java:1099)
at org.testng.TestNG.run(TestNG.java:1067)
at org.apache.maven.surefire.testng.TestNGExecutor.run(TestNGExecutor.java:155)
at org.apache.maven.surefire.testng.TestNGDirectoryTestSuite.executeMulti(TestNGDirectoryTestSuite.java:169)
at org.apache.maven.surefire.testng.TestNGDirectoryTestSuite.execute(TestNGDirectoryTestSuite.java:88)
at org.apache.maven.surefire.testng.TestNGProvider.invoke(TestNGProvider.java:137)
at org.apache.maven.surefire.booter.ForkedBooter.runSuitesInProcess(ForkedBooter.java:385)
at org.apache.maven.surefire.booter.ForkedBooter.execute(ForkedBooter.java:162)
at org.apache.maven.surefire.booter.ForkedBooter.run(ForkedBooter.java:507)
at org.apache.maven.surefire.booter.ForkedBooter.main(ForkedBooter.java:495)
]]>
            </full-stacktrace>
          </exception> <!-- org.openqa.selenium.NoSuchElementException -->
          <reporter-output>
          </reporter-output>
        </test-method> <!-- emptycart -->
      </class> <!-- org.rahulsheety.OpenBrowserTest -->
      <class name="org.rahulsheety.Locators2Test">
        <test-method signature="OpenBrowser()[pri:0, instance:org.rahulsheety.Locators2Test@27aae97b]" started-at="2023-09-11T23:48:38 IST" name="OpenBrowser" finished-at="2023-09-11T23:48:41 IST" duration-ms="2838" status="PASS">
          <reporter-output>
          </reporter-output>
        </test-method> <!-- OpenBrowser -->
      </class> <!-- org.rahulsheety.Locators2Test -->
      <class name="qaclickacademy.RestAPITest">
        <test-method signature="Maps()[pri:0, instance:qaclickacademy.RestAPITest@5e268ce6]" started-at="2023-09-11T23:48:59 IST" name="Maps" finished-at="2023-09-11T23:48:59 IST" duration-ms="0" status="PASS">
          <reporter-output>
          </reporter-output>
        </test-method> <!-- Maps -->
        <test-method signature="Uahoo()[pri:0, instance:qaclickacademy.RestAPITest@5e268ce6]" started-at="2023-09-11T23:48:59 IST" name="Uahoo" finished-at="2023-09-11T23:48:59 IST" duration-ms="0" status="PASS">
          <reporter-output>
          </reporter-output>
        </test-method> <!-- Uahoo -->
      </class> <!-- qaclickacademy.RestAPITest -->
      <class name="org.rahulsheety.AddingTestingTest">
        <test-method signature="addTwoNegativeNumbers()[pri:0, instance:org.rahulsheety.AddingTestingTest@437ebf59]" started-at="2023-09-11T23:47:43 IST" name="addTwoNegativeNumbers" finished-at="2023-09-11T23:47:43 IST" duration-ms="1" status="PASS">
          <reporter-output>
          </reporter-output>
        </test-method> <!-- addTwoNegativeNumbers -->
        <test-method signature="addTwoPositiveNumbers()[pri:0, instance:org.rahulsheety.AddingTestingTest@437ebf59]" started-at="2023-09-11T23:47:43 IST" name="addTwoPositiveNumbers" finished-at="2023-09-11T23:47:43 IST" duration-ms="0" status="PASS">
          <reporter-output>
          </reporter-output>
        </test-method> <!-- addTwoPositiveNumbers -->
      </class> <!-- org.rahulsheety.AddingTestingTest -->
      <class name="qaclickacademy.SeleniumTest">
        <test-method signature="Dquit()[pri:0, instance:qaclickacademy.SeleniumTest@66ec9390]" started-at="2023-09-11T23:48:59 IST" name="Dquit" finished-at="2023-09-11T23:48:59 IST" duration-ms="1" status="PASS">
          <reporter-output>
          </reporter-output>
        </test-method> <!-- Dquit -->
        <test-method signature="Browsertest()[pri:0, instance:qaclickacademy.SeleniumTest@66ec9390]" started-at="2023-09-11T23:48:59 IST" name="Browsertest" finished-at="2023-09-11T23:48:59 IST" duration-ms="0" status="PASS">
          <reporter-output>
          </reporter-output>
        </test-method> <!-- Browsertest -->
        <test-method signature="elements()[pri:0, instance:qaclickacademy.SeleniumTest@66ec9390]" started-at="2023-09-11T23:48:59 IST" name="elements" finished-at="2023-09-11T23:48:59 IST" duration-ms="1" status="PASS">
          <reporter-output>
          </reporter-output>
        </test-method> <!-- elements -->
        <test-method signature="elementsUI()[pri:0, instance:qaclickacademy.SeleniumTest@66ec9390]" started-at="2023-09-11T23:48:59 IST" name="elementsUI" finished-at="2023-09-11T23:48:59 IST" duration-ms="1" status="PASS">
          <reporter-output>
          </reporter-output>
        </test-method> <!-- elementsUI -->
      </class> <!-- qaclickacademy.SeleniumTest -->
      <class name="org.rahulsheety.AddCartTest">
        <test-method is-config="true" signature="OpenBrowser()[pri:0, instance:org.rahulsheety.AddCartTest@5aa6202e]" started-at="2023-09-11T23:47:33 IST" name="OpenBrowser" finished-at="2023-09-11T23:47:35 IST" duration-ms="1161" status="PASS">
          <reporter-output>
          </reporter-output>
        </test-method> <!-- OpenBrowser -->
        <test-method signature="AddCart()[pri:0, instance:org.rahulsheety.AddCartTest@5aa6202e]" started-at="2023-09-11T23:47:35 IST" name="AddCart" finished-at="2023-09-11T23:47:36 IST" duration-ms="1892" status="PASS">
          <reporter-output>
          </reporter-output>
        </test-method> <!-- AddCart -->
        <test-method signature="emptycart()[pri:0, instance:org.rahulsheety.AddCartTest@5aa6202e]" started-at="2023-09-11T23:47:36 IST" name="emptycart" finished-at="2023-09-11T23:47:43 IST" duration-ms="6129" status="PASS">
          <reporter-output>
          </reporter-output>
        </test-method> <!-- emptycart -->
        <test-method is-config="true" signature="closeBrowser()[pri:0, instance:org.rahulsheety.AddCartTest@5aa6202e]" started-at="2023-09-11T23:49:01 IST" name="closeBrowser" finished-at="2023-09-11T23:49:01 IST" duration-ms="103" status="PASS">
          <reporter-output>
          </reporter-output>
        </test-method> <!-- closeBrowser -->
      </class> <!-- org.rahulsheety.AddCartTest -->
      <class name="org.rahulsheety.FirefoxTest">
        <test-method signature="OpenBrowser()[pri:0, instance:org.rahulsheety.FirefoxTest@777c350f]" started-at="2023-09-11T23:48:35 IST" name="OpenBrowser" finished-at="2023-09-11T23:48:38 IST" duration-ms="3314" status="PASS">
          <reporter-output>
          </reporter-output>
        </test-method> <!-- OpenBrowser -->
        <test-method is-config="true" signature="closeBrowser()[pri:0, instance:org.rahulsheety.FirefoxTest@777c350f]" started-at="2023-09-11T23:48:59 IST" name="closeBrowser" finished-at="2023-09-11T23:49:00 IST" duration-ms="1047" status="PASS">
          <reporter-output>
          </reporter-output>
        </test-method> <!-- closeBrowser -->
      </class> <!-- org.rahulsheety.FirefoxTest -->
      <class name="org.rahulsheety.DemoTest">
        <test-method signature="OpenBrowser()[pri:0, instance:org.rahulsheety.DemoTest@63998bf4]" started-at="2023-09-11T23:47:43 IST" name="OpenBrowser" finished-at="2023-09-11T23:48:33 IST" duration-ms="50695" status="PASS">
          <reporter-output>
          </reporter-output>
        </test-method> <!-- OpenBrowser -->
        <test-method is-config="true" signature="tearDown()[pri:0, instance:org.rahulsheety.DemoTest@63998bf4]" started-at="2023-09-11T23:48:59 IST" name="tearDown" finished-at="2023-09-11T23:48:59 IST" duration-ms="106" status="PASS">
          <reporter-output>
          </reporter-output>
        </test-method> <!-- tearDown -->
      </class> <!-- org.rahulsheety.DemoTest -->
    </test> <!-- Surefire test -->
  </suite> <!-- Surefire suite -->
</testng-results>
