<?xml version="1.0" encoding="UTF-8"?>
<!-- Generated by org.testng.reporters.JUnitXMLReporter -->
<testsuite ignored="0" hostname="Bharath-PC" failures="0" tests="6" name="Test" time="0.047" errors="0" timestamp="2023-06-08T13:37:12 IST">
  <testcase classname="qaclickacademy.AppiumTest" name="Android" time="0.004"/>
  <testcase classname="qaclickacademy.AppiumTest" name="IOS" time="0.001"/>
  <testcase classname="qaclickacademy.SeleniumTest" name="Browsertest" time="0.0"/>
  <testcase classname="qaclickacademy.SeleniumTest" name="Dquit" time="0.001"/>
  <testcase classname="qaclickacademy.SeleniumTest" name="elements" time="0.001"/>
  <testcase classname="qaclickacademy.SeleniumTest" name="elementsUI" time="0.0"/>
</testsuite> <!-- Test -->
