<?xml version="1.0" encoding="UTF-8"?>
<!-- Generated by org.testng.reporters.JUnitXMLReporter -->
<testsuite ignored="1" hostname="MSI" failures="0" tests="2" name="Carloan" time="0.071" errors="0" timestamp="2023-03-27T21:49:33 IST">
  <testcase classname="org.testpackage.CarLoan" name="apiloginCarloan" time="0.009"/>
  <testcase classname="org.testpackage.CarLoan" name="webloginCarloan" time="0.002"/>
  <testcase classname="org.testpackage.CarLoan" name="mobileloginCarloan" time="0.0">
    <ignored/>
  </testcase> <!-- mobileloginCarloan -->
</testsuite> <!-- Carloan -->
