<?xml version="1.0" encoding="UTF-8"?>
<!-- Generated by org.testng.reporters.JUnitXMLReporter -->
<testsuite ignored="2" hostname="MSI" failures="0" tests="1" name="HomeLoan" time="0.006" errors="0" timestamp="2023-03-27T21:49:33 IST">
  <testcase classname="org.testpackage.Homeloan" name="apiloginHomeloan" time="0.001"/>
  <testcase classname="org.testpackage.Homeloan" name="webloginHomeloan" time="0.0">
    <ignored/>
  </testcase> <!-- webloginHomeloan -->
  <testcase classname="org.testpackage.Homeloan" name="mobileloginHomeloan" time="0.0">
    <ignored/>
  </testcase> <!-- mobileloginHomeloan -->
</testsuite> <!-- HomeLoan -->
