<?xml version="1.0" encoding="UTF-8"?>
<!-- Generated by org.testng.reporters.JUnitXMLReporter -->
<testsuite ignored="0" hostname="MSI" failures="0" tests="5" name="Test" time="0.017" errors="0" timestamp="2023-03-25T10:14:29 IST">
  <testcase classname="org.testpackage.TestNG1" name="test2" time="0.002"/>
  <testcase classname="org.testpackage.TestNG1" name="test" time="0.002"/>
  <testcase classname="org.testpackage.TestNG1" name="test1" time="0.001"/>
  <testcase classname="org.testpackage.TestNG1" name="test3" time="0.001"/>
  <testcase classname="org.testpackage.TestNG2" name="test" time="0.001"/>
</testsuite> <!-- Test -->
