<?xml version="1.0" encoding="UTF-8"?>
<!-- Generated by org.testng.reporters.JUnitXMLReporter -->
<testsuite ignored="0" hostname="Bharath-PC" failures="0" tests="1" name="Test" time="0.22" errors="0" timestamp="2023-09-16T13:31:15 IST">
  <testcase classname="org.Test.BaseClass" name="@BeforeTest Browsersetup" time="-1.694851275486E9">
    <failure type="org.testng.TestNGException" message="
Can inject only one of &amp;lt;ITestContext, XmlTest&amp;gt; into a @BeforeTest annotated Browsersetup.
For more information on native dependency injection please refer to https://testng.org/doc/documentation-main.html#native-dependency-injection">
      <![CDATA[org.testng.TestNGException: 
Can inject only one of <ITestContext, XmlTest> into a @BeforeTest annotated Browsersetup.
For more information on native dependency injection please refer to https://testng.org/doc/documentation-main.html#native-dependency-injection
... Removed 21 stack frames]]>
    </failure>
  </testcase> <!-- @BeforeTest Browsersetup -->
  <testcase classname="org.Test.BaseClass" name="@AfterMethod teardownAfterTest" time="0.0">
    <skipped/>
  </testcase> <!-- @AfterMethod teardownAfterTest -->
  <testcase classname="org.Test.BaseClass" name="@AfterTest teardown" time="0.0">
    <skipped/>
  </testcase> <!-- @AfterTest teardown -->
  <testcase classname="org.testpacks.TC1" name="staticdropdown" time="0.0">
    <skipped/>
  </testcase> <!-- staticdropdown -->
</testsuite> <!-- Test -->
