<?xml version="1.0" encoding="UTF-8"?>
<testng-results ignored="0" total="1" passed="1" failed="0" skipped="0">
  <reporter-output>
  </reporter-output>
  <suite started-at="2023-07-04T22:47:44 IST" name="Default suite" finished-at="2023-07-04T22:47:48 IST" duration-ms="4038">
    <groups>
    </groups>
    <test started-at="2023-07-04T22:47:44 IST" name="Default test" finished-at="2023-07-04T22:47:48 IST" duration-ms="4038">
      <class name="org.rahulsheety.DemoTest">
        <test-method signature="OpenBrowser()[pri:0, instance:org.rahulsheety.DemoTest@3c0fbd3a]" started-at="2023-07-04T22:47:44 IST" name="OpenBrowser" finished-at="2023-07-04T22:47:48 IST" duration-ms="3897" status="PASS">
          <reporter-output>
          </reporter-output>
        </test-method> <!-- OpenBrowser -->
        <test-method is-config="true" signature="tearDown()[pri:0, instance:org.rahulsheety.DemoTest@3c0fbd3a]" started-at="2023-07-04T22:47:48 IST" name="tearDown" finished-at="2023-07-04T22:47:48 IST" duration-ms="105" status="PASS">
          <reporter-output>
          </reporter-output>
        </test-method> <!-- tearDown -->
      </class> <!-- org.rahulsheety.DemoTest -->
    </test> <!-- Default test -->
  </suite> <!-- Default suite -->
</testng-results>
