<?xml version="1.0" encoding="UTF-8"?>
<testng-results ignored="0" total="1" passed="1" failed="0" skipped="0">
  <reporter-output>
  </reporter-output>
  <suite started-at="2023-06-14T22:03:54 IST" name="Default suite" finished-at="2023-06-14T22:03:55 IST" duration-ms="1338">
    <groups>
    </groups>
    <test started-at="2023-06-14T22:03:54 IST" name="Default test" finished-at="2023-06-14T22:03:55 IST" duration-ms="1338">
      <class name="org.rahulsheety.EdgeBrowser">
        <test-method signature="OpenBrowser()[pri:0, instance:org.rahulsheety.EdgeBrowser@55682482]" started-at="2023-06-14T22:03:54 IST" name="OpenBrowser" finished-at="2023-06-14T22:03:55 IST" duration-ms="1086" status="PASS">
          <reporter-output>
          </reporter-output>
        </test-method> <!-- OpenBrowser -->
        <test-method is-config="true" signature="closeBrowser()[pri:0, instance:org.rahulsheety.EdgeBrowser@55682482]" started-at="2023-06-14T22:03:55 IST" name="closeBrowser" finished-at="2023-06-14T22:03:55 IST" duration-ms="182" status="PASS">
          <reporter-output>
          </reporter-output>
        </test-method> <!-- closeBrowser -->
      </class> <!-- org.rahulsheety.EdgeBrowser -->
    </test> <!-- Default test -->
  </suite> <!-- Default suite -->
</testng-results>
